==00:00:00:00.000 13783== Memcheck, a memory error detector
==00:00:00:00.000 13783== Copyright (C) 2002-2017, and GNU GPL'd, by Julian Seward et al.
==00:00:00:00.000 13783== Using Valgrind-3.13.0 and LibVEX; rerun with -h for copyright info
==00:00:00:00.000 13783== Command: ./no_init_test
==00:00:00:00.000 13783== Parent PID: 12700
==00:00:00:00.000 13783== 
--00:00:00:00.000 13783-- 
--00:00:00:00.000 13783-- Valgrind options:
--00:00:00:00.000 13783--    --tool=memcheck
--00:00:00:00.000 13783--    --show-reachable=yes
--00:00:00:00.000 13783--    --read-var-info=yes
--00:00:00:00.000 13783--    --verbose
--00:00:00:00.000 13783--    --time-stamp=yes
--00:00:00:00.000 13783--    --leak-check=full
--00:00:00:00.000 13783--    --log-file=mycode.log
--00:00:00:00.000 13783-- Contents of /proc/version:
--00:00:00:00.000 13783--   Linux version 4.15.0-70-generic (buildd@bos02-arm64-021) (gcc version 7.4.0 (Ubuntu/Linaro 7.4.0-1ubuntu1~18.04.1)) #79-Ubuntu SMP Tue Nov 12 10:36:10 UTC 2019
--00:00:00:00.000 13783-- 
--00:00:00:00.000 13783-- Arch and hwcaps: ARM64, LittleEndian, baseline
--00:00:00:00.000 13783-- Page sizes: currently 4096, max supported 65536
--00:00:00:00.000 13783-- Valgrind library directory: /usr/lib/valgrind
--00:00:00:00.000 13783-- Reading syms from /root/workspace/linux/chapter 3 Linux Progress Memory Management/3.3-valgrind/no_init_test
--00:00:00:00.002 13783-- Reading syms from /lib/aarch64-linux-gnu/ld-2.27.so
--00:00:00:00.002 13783--   Considering /lib/aarch64-linux-gnu/ld-2.27.so ..
--00:00:00:00.003 13783--   .. CRC mismatch (computed 16b1c539 wanted 3f030045)
--00:00:00:00.024 13783--   Considering /usr/lib/debug/lib/aarch64-linux-gnu/ld-2.27.so ..
--00:00:00:00.167 13783--   .. CRC is valid
--00:00:00:00.486 13783-- warning: addVar: unknown size (loadcmds)
--00:00:00:00.486 13783-- warning: addVar: unknown size (loadcmds)
--00:00:00:00.486 13783-- warning: addVar: unknown size (loadcmds)
--00:00:00:00.486 13783-- warning: addVar: unknown size (loadcmds)
--00:00:00:00.486 13783-- warning: addVar: unknown size (loadcmds)
--00:00:00:00.486 13783-- warning: addVar: unknown size (loadcmds)
--00:00:00:00.486 13783-- warning: addVar: unknown size (loadcmds)
--00:00:00:00.486 13783-- warning: addVar: unknown size (loadcmds)
--00:00:00:00.486 13783-- warning: addVar: unknown size (loadcmds)
--00:00:00:00.486 13783-- warning: addVar: unknown size (loadcmds)
--00:00:00:00.493 13783-- Reading syms from /usr/lib/valgrind/memcheck-arm64-linux
--00:00:00:00.493 13783--   Considering /usr/lib/valgrind/memcheck-arm64-linux ..
--00:00:00:00.502 13783--   .. CRC mismatch (computed a1900223 wanted cb4954e2)
--00:00:00:00.504 13783--    object doesn't have a symbol table
--00:00:00:00.504 13783--    object doesn't have a dynamic symbol table
--00:00:00:00.504 13783-- Scheduler: using generic scheduler lock implementation.
--00:00:00:00.507 13783-- Reading suppressions file: /usr/lib/valgrind/default.supp
==00:00:00:00.510 13783== embedded gdbserver: reading from /tmp/vgdb-pipe-from-vgdb-to-13783-by-root-on-???
==00:00:00:00.510 13783== embedded gdbserver: writing to   /tmp/vgdb-pipe-to-vgdb-from-13783-by-root-on-???
==00:00:00:00.510 13783== embedded gdbserver: shared mem   /tmp/vgdb-pipe-shared-mem-vgdb-13783-by-root-on-???
==00:00:00:00.510 13783== 
==00:00:00:00.510 13783== TO CONTROL THIS PROCESS USING vgdb (which you probably
==00:00:00:00.510 13783== don't want to do, unless you know exactly what you're doing,
==00:00:00:00.510 13783== or are doing some strange experiment):
==00:00:00:00.510 13783==   /usr/lib/valgrind/../../bin/vgdb --pid=13783 ...command...
==00:00:00:00.510 13783== 
==00:00:00:00.510 13783== TO DEBUG THIS PROCESS USING GDB: start GDB like this
==00:00:00:00.510 13783==   /path/to/gdb ./no_init_test
==00:00:00:00.510 13783== and then give GDB the following command
==00:00:00:00.510 13783==   target remote | /usr/lib/valgrind/../../bin/vgdb --pid=13783
==00:00:00:00.510 13783== --pid is optional if only one valgrind process is running
==00:00:00:00.510 13783== 
--00:00:00:00.523 13783-- REDIR: 0x4017340 (ld-linux-aarch64.so.1:strlen) redirected to 0x5805ad34 (???)
--00:00:00:00.529 13783-- REDIR: 0x40170c0 (ld-linux-aarch64.so.1:strcmp) redirected to 0x5805ad88 (???)
--00:00:00:00.536 13783-- REDIR: 0x4016fb0 (ld-linux-aarch64.so.1:index) redirected to 0x5805ad5c (???)
--00:00:00:00.550 13783-- Reading syms from /usr/lib/valgrind/vgpreload_core-arm64-linux.so
--00:00:00:00.550 13783--   Considering /usr/lib/valgrind/vgpreload_core-arm64-linux.so ..
--00:00:00:00.550 13783--   .. CRC mismatch (computed 03d74780 wanted 5b695685)
--00:00:00:00.550 13783--    object doesn't have a symbol table
--00:00:00:00.555 13783-- Reading syms from /usr/lib/valgrind/vgpreload_memcheck-arm64-linux.so
--00:00:00:00.555 13783--   Considering /usr/lib/valgrind/vgpreload_memcheck-arm64-linux.so ..
--00:00:00:00.555 13783--   .. CRC mismatch (computed 736aeefb wanted c22f06a0)
--00:00:00:00.555 13783--    object doesn't have a symbol table
--00:00:00:00.566 13783-- Reading syms from /lib/aarch64-linux-gnu/libc-2.27.so
--00:00:00:00.566 13783--   Considering /lib/aarch64-linux-gnu/libc-2.27.so ..
--00:00:00:00.573 13783--   .. CRC mismatch (computed 01915085 wanted 4f60d5f7)
--00:00:00:00.653 13783--   Considering /usr/lib/debug/lib/aarch64-linux-gnu/libc-2.27.so ..
--00:00:00:01.509 13783--   .. CRC is valid
--00:00:00:06.445 13783-- REDIR: 0x48ef890 (libc.so.6:rindex) redirected to 0x4847660 (rindex)
==00:00:00:06.448 13783== Conditional jump or move depends on uninitialised value(s)
==00:00:00:06.448 13783==    at 0x10873C: main (no_init_test.c:6)
==00:00:00:06.448 13783== 
--00:00:00:06.448 13783-- REDIR: 0x48ef440 (libc.so.6:strlen) redirected to 0x4847cd8 (strlen)
--00:00:00:06.452 13783-- REDIR: 0x48eb1d0 (libc.so.6:malloc) redirected to 0x4844b88 (malloc)
--00:00:00:06.468 13783-- REDIR: 0x48eb838 (libc.so.6:free) redirected to 0x4845ce8 (free)
==00:00:00:06.473 13783== 
==00:00:00:06.473 13783== HEAP SUMMARY:
==00:00:00:06.473 13783==     in use at exit: 0 bytes in 0 blocks
==00:00:00:06.473 13783==   total heap usage: 1 allocs, 1 frees, 1,024 bytes allocated
==00:00:00:06.473 13783== 
==00:00:00:06.473 13783== All heap blocks were freed -- no leaks are possible
==00:00:00:06.473 13783== 
==00:00:00:06.473 13783== Use --track-origins=yes to see where uninitialised values come from
==00:00:00:06.473 13783== ERROR SUMMARY: 1 errors from 1 contexts (suppressed: 0 from 0)
==00:00:00:06.473 13783== 
==00:00:00:06.473 13783== 1 errors in context 1 of 1:
==00:00:00:06.473 13783== Conditional jump or move depends on uninitialised value(s)
==00:00:00:06.473 13783==    at 0x10873C: main (no_init_test.c:6)
==00:00:00:06.473 13783== 
==00:00:00:06.473 13783== ERROR SUMMARY: 1 errors from 1 contexts (suppressed: 0 from 0)
